<?xml version="1.0" encoding="UTF-8"?>
<testng-results skipped="0" failed="0" ignored="0" total="1" passed="1">
  <reporter-output>
  </reporter-output>
  <suite name="Suite" duration-ms="39243" started-at="2020-02-26T10:20:20Z" finished-at="2020-02-26T10:20:59Z">
    <groups>
    </groups>
    <test name="Test" duration-ms="39243" started-at="2020-02-26T10:20:20Z" finished-at="2020-02-26T10:20:59Z">
      <class name="com.tests.DemoWebShopTest">
        <test-method status="PASS" signature="setUp()[pri:0, instance:com.tests.DemoWebShopTest@27f674d]" name="setUp" duration-ms="39181" started-at="2020-02-26T10:20:20Z" finished-at="2020-02-26T10:20:59Z">
          <reporter-output>
          </reporter-output>
        </test-method> <!-- setUp -->
      </class> <!-- com.tests.DemoWebShopTest -->
    </test> <!-- Test -->
  </suite> <!-- Suite -->
</testng-results>
